Sun Oct 28 2018 16:52:43 GMT+0100 (Central European Standard Time): GET /about
Sun Oct 28 2018 16:52:43 GMT+0100 (Central European Standard Time): GET /main.css
Sun Oct 28 2018 16:52:43 GMT+0100 (Central European Standard Time): GET /main.js
Sun Oct 28 2018 16:52:44 GMT+0100 (Central European Standard Time): GET /
Sun Oct 28 2018 16:52:44 GMT+0100 (Central European Standard Time): GET /main.css
Sun Oct 28 2018 16:52:44 GMT+0100 (Central European Standard Time): GET /main.js
Sun Oct 28 2018 16:53:01 GMT+0100 (Central European Standard Time): GET /about
Sun Oct 28 2018 16:53:01 GMT+0100 (Central European Standard Time): GET /main.css
Sun Oct 28 2018 16:53:01 GMT+0100 (Central European Standard Time): GET /main.js
Sun Oct 28 2018 16:53:02 GMT+0100 (Central European Standard Time): GET /
Sun Oct 28 2018 16:53:03 GMT+0100 (Central European Standard Time): GET /main.css
Sun Oct 28 2018 16:53:03 GMT+0100 (Central European Standard Time): GET /main.js
Sun Oct 28 2018 16:53:03 GMT+0100 (Central European Standard Time): GET /main.js
Sun Oct 28 2018 16:53:03 GMT+0100 (Central European Standard Time): GET /about
Sun Oct 28 2018 16:53:04 GMT+0100 (Central European Standard Time): GET /main.css
Sun Oct 28 2018 16:53:04 GMT+0100 (Central European Standard Time): GET /main.js
Sun Oct 28 2018 16:53:05 GMT+0100 (Central European Standard Time): GET /
Sun Oct 28 2018 16:53:05 GMT+0100 (Central European Standard Time): GET /main.css
Sun Oct 28 2018 16:53:05 GMT+0100 (Central European Standard Time): GET /main.js
Sun Oct 28 2018 16:53:06 GMT+0100 (Central European Standard Time): GET /about
Sun Oct 28 2018 16:53:06 GMT+0100 (Central European Standard Time): GET /main.css
Sun Oct 28 2018 16:53:06 GMT+0100 (Central European Standard Time): GET /main.js
Sun Oct 28 2018 16:56:53 GMT+0100 (Central European Standard Time): GET /about
Sun Oct 28 2018 16:56:53 GMT+0100 (Central European Standard Time): GET /main.css
Sun Oct 28 2018 16:56:53 GMT+0100 (Central European Standard Time): GET /main.js
Sun Oct 28 2018 16:56:57 GMT+0100 (Central European Standard Time): GET /
Sun Oct 28 2018 16:56:57 GMT+0100 (Central European Standard Time): GET /main.css
Sun Oct 28 2018 16:56:57 GMT+0100 (Central European Standard Time): GET /main.js
Sun Oct 28 2018 16:56:58 GMT+0100 (Central European Standard Time): GET /about
Sun Oct 28 2018 16:56:58 GMT+0100 (Central European Standard Time): GET /main.css
Sun Oct 28 2018 16:56:58 GMT+0100 (Central European Standard Time): GET /main.js
Sun Oct 28 2018 16:56:58 GMT+0100 (Central European Standard Time): GET /
Sun Oct 28 2018 16:56:58 GMT+0100 (Central European Standard Time): GET /main.css
Sun Oct 28 2018 16:56:58 GMT+0100 (Central European Standard Time): GET /main.js
Sun Oct 28 2018 16:56:59 GMT+0100 (Central European Standard Time): GET /about
Sun Oct 28 2018 16:56:59 GMT+0100 (Central European Standard Time): GET /main.css
Sun Oct 28 2018 16:56:59 GMT+0100 (Central European Standard Time): GET /main.js
Sun Oct 28 2018 16:56:59 GMT+0100 (Central European Standard Time): GET /
Sun Oct 28 2018 16:57:00 GMT+0100 (Central European Standard Time): GET /main.css
Sun Oct 28 2018 16:57:00 GMT+0100 (Central European Standard Time): GET /main.js
Sun Oct 28 2018 16:57:15 GMT+0100 (Central European Standard Time): GET /
Sun Oct 28 2018 16:57:15 GMT+0100 (Central European Standard Time): GET /main.css
Sun Oct 28 2018 16:57:15 GMT+0100 (Central European Standard Time): GET /main.js
Sun Oct 28 2018 16:59:03 GMT+0100 (Central European Standard Time): GET /help.html
Sun Oct 28 2018 16:59:03 GMT+0100 (Central European Standard Time): GET /main.css
Sun Oct 28 2018 16:59:03 GMT+0100 (Central European Standard Time): GET /main.js
